  Program.cpp
C:\Users\nadav\Desktop\SFML\Build-A-Font\Build-A-Font\Build-A-Font\Program.cpp(18,78): warning C4244: 'argument': conversion from 'T' to 'unsigned int', possible loss of data
          with
          [
              T=float
          ]
C:\Users\nadav\Desktop\SFML\Build-A-Font\Build-A-Font\Build-A-Font\Program.cpp(18,63): warning C4244: 'argument': conversion from 'T' to 'unsigned int', possible loss of data
          with
          [
              T=float
          ]
C:\Users\nadav\Desktop\SFML\Build-A-Font\Build-A-Font\Build-A-Font\Program.cpp(23,139): warning C4244: 'argument': conversion from 'double' to 'T', possible loss of data
          with
          [
              T=float
          ]
C:\Users\nadav\Desktop\SFML\Build-A-Font\Build-A-Font\Build-A-Font\Program.cpp(23,89): warning C4244: 'argument': conversion from 'double' to 'T', possible loss of data
          with
          [
              T=float
          ]
C:\Users\nadav\Desktop\SFML\Build-A-Font\Build-A-Font\Build-A-Font\Program.cpp(24,64): warning C4244: 'argument': conversion from 'double' to 'T', possible loss of data
          with
          [
              T=float
          ]
C:\Users\nadav\Desktop\SFML\Build-A-Font\Build-A-Font\Build-A-Font\Program.cpp(25,142): warning C4244: 'argument': conversion from 'double' to 'T', possible loss of data
          with
          [
              T=float
          ]
C:\Users\nadav\Desktop\SFML\Build-A-Font\Build-A-Font\Build-A-Font\Program.cpp(25,91): warning C4244: 'argument': conversion from 'double' to 'T', possible loss of data
          with
          [
              T=float
          ]
C:\Users\nadav\Desktop\SFML\Build-A-Font\Build-A-Font\Build-A-Font\Program.cpp(26,40): warning C4244: 'argument': conversion from 'double' to 'T', possible loss of data
          with
          [
              T=float
          ]
C:\Users\nadav\Desktop\SFML\Build-A-Font\Build-A-Font\Build-A-Font\Button.h(46,26): warning C4244: 'argument': conversion from 'float' to 'unsigned int', possible loss of data
C:\Users\nadav\Desktop\SFML\Build-A-Font\Build-A-Font\Build-A-Font\Button.h(41): message : while compiling class template member function 'void Button<DrawingBoard &>::AddText(sf::String,sf::String,float,sf::Color)'
C:\Users\nadav\Desktop\SFML\Build-A-Font\Build-A-Font\Build-A-Font\Program.cpp(28): message : see reference to function template instantiation 'void Button<DrawingBoard &>::AddText(sf::String,sf::String,float,sf::Color)' being compiled
C:\Users\nadav\Desktop\SFML\Build-A-Font\Build-A-Font\Build-A-Font\Program.cpp(23): message : see reference to class template instantiation 'Button<DrawingBoard &>' being compiled
  Source.cpp
C:\Users\nadav\Desktop\SFML\Build-A-Font\Build-A-Font\Build-A-Font\Source.cpp(4,1): warning C4326: return type of 'main' should be 'int' instead of 'void'
  UserProgram.cpp
  Generating Code...
  Build-A-Font.vcxproj -> C:\Users\nadav\Desktop\SFML\Build-A-Font\Build-A-Font\x64\Debug\Build-A-Font.exe
