C:\Program Files (x86)\Microsoft Visual Studio\2019\Community\MSBuild\Microsoft\VC\v160\Microsoft.CppBuild.targets(513,5): warning MSB8028: The intermediate directory (x64\Debug\) contains files shared from another project (Screens.vcxproj).  This can lead to incorrect clean and rebuild behavior.
  Brush.cpp
C:\Users\nadav\Desktop\SFML\Build-A-Font\Build-A-Font\Brush.cpp(41,26): warning C4244: 'initializing': conversion from 'double' to 'float', possible loss of data
C:\Users\nadav\Desktop\SFML\Build-A-Font\Build-A-Font\Brush.cpp(53,40): warning C4244: '=': conversion from 'int' to 'float', possible loss of data
C:\Users\nadav\Desktop\SFML\Build-A-Font\Build-A-Font\Brush.cpp(57,26): warning C4244: 'return': conversion from 'int' to 'float', possible loss of data
  Character.cpp
  CharacterSet.cpp
C:\Users\nadav\Desktop\SFML\Build-A-Font\Build-A-Font\CharacterSet.cpp(88,30): warning C4244: '=': conversion from 'double' to 'T', possible loss of data
          with
          [
              T=float
          ]
C:\Users\nadav\Desktop\SFML\Build-A-Font\Build-A-Font\CharacterSet.cpp(91,30): warning C4244: '=': conversion from 'double' to 'T', possible loss of data
          with
          [
              T=float
          ]
C:\Users\nadav\Desktop\SFML\Build-A-Font\Build-A-Font\CharacterSet.cpp(95,30): warning C4244: '=': conversion from 'double' to 'T', possible loss of data
          with
          [
              T=float
          ]
C:\Users\nadav\Desktop\SFML\Build-A-Font\Build-A-Font\CharacterSet.cpp(98,30): warning C4244: '=': conversion from 'double' to 'T', possible loss of data
          with
          [
              T=float
          ]
C:\Users\nadav\Desktop\SFML\Build-A-Font\Build-A-Font\CharacterSet.cpp(102,30): warning C4244: '=': conversion from 'double' to 'T', possible loss of data
          with
          [
              T=float
          ]
  CharsDrawingPage.cpp
C:\Users\nadav\Desktop\SFML\Build-A-Font\Build-A-Font\CharsDrawingPage.cpp(27,23): warning C4244: 'argument': conversion from 'double' to 'T', possible loss of data
          with
          [
              T=float
          ]
C:\Users\nadav\Desktop\SFML\Build-A-Font\Build-A-Font\CharsDrawingPage.cpp(26,26): warning C4244: 'argument': conversion from 'double' to 'T', possible loss of data
          with
          [
              T=float
          ]
C:\Users\nadav\Desktop\SFML\Build-A-Font\Build-A-Font\CharsDrawingPage.cpp(32,132): warning C4244: 'argument': conversion from 'double' to 'T', possible loss of data
          with
          [
              T=float
          ]
C:\Users\nadav\Desktop\SFML\Build-A-Font\Build-A-Font\CharsDrawingPage.cpp(32,82): warning C4244: 'argument': conversion from 'double' to 'T', possible loss of data
          with
          [
              T=float
          ]
C:\Users\nadav\Desktop\SFML\Build-A-Font\Build-A-Font\CharsDrawingPage.cpp(33,58): warning C4244: 'argument': conversion from 'double' to 'T', possible loss of data
          with
          [
              T=float
          ]
C:\Users\nadav\Desktop\SFML\Build-A-Font\Build-A-Font\CharsDrawingPage.cpp(34,149): warning C4244: 'argument': conversion from 'double' to 'T', possible loss of data
          with
          [
              T=float
          ]
C:\Users\nadav\Desktop\SFML\Build-A-Font\Build-A-Font\CharsDrawingPage.cpp(34,99): warning C4244: 'argument': conversion from 'double' to 'T', possible loss of data
          with
          [
              T=float
          ]
C:\Users\nadav\Desktop\SFML\Build-A-Font\Build-A-Font\CharsDrawingPage.cpp(35,58): warning C4244: 'argument': conversion from 'double' to 'T', possible loss of data
          with
          [
              T=float
          ]
  DrawingBoard.cpp
C:\Users\nadav\Desktop\SFML\Build-A-Font\Build-A-Font\DrawingBoard.cpp(84,32): warning C4244: 'argument': conversion from 'T' to 'unsigned int', possible loss of data
          with
          [
              T=float
          ]
C:\Users\nadav\Desktop\SFML\Build-A-Font\Build-A-Font\DrawingBoard.cpp(84,24): warning C4244: 'argument': conversion from 'T' to 'unsigned int', possible loss of data
          with
          [
              T=float
          ]
  Program.cpp
C:\Users\nadav\Desktop\SFML\Build-A-Font\Build-A-Font\Program.cpp(5,78): warning C4244: 'argument': conversion from 'T' to 'unsigned int', possible loss of data
          with
          [
              T=float
          ]
C:\Users\nadav\Desktop\SFML\Build-A-Font\Build-A-Font\Program.cpp(5,63): warning C4244: 'argument': conversion from 'T' to 'unsigned int', possible loss of data
          with
          [
              T=float
          ]
  Screen.cpp
  Source.cpp
C:\Users\nadav\Desktop\SFML\Build-A-Font\Build-A-Font\Source.cpp(4,1): warning C4326: return type of 'main' should be 'int' instead of 'void'
  UIElement.cpp
C:\Users\nadav\Desktop\SFML\Build-A-Font\Build-A-Font\UIElement.cpp(43,40): warning C4244: 'argument': conversion from 'double' to 'float', possible loss of data
C:\Users\nadav\Desktop\SFML\Build-A-Font\Build-A-Font\UIElement.cpp(65,30): warning C4244: 'argument': conversion from 'float' to 'unsigned int', possible loss of data
C:\Users\nadav\Desktop\SFML\Build-A-Font\Build-A-Font\UIElement.cpp(68,38): warning C4244: 'argument': conversion from 'double' to 'float', possible loss of data
  UserBoard.cpp
C:\Users\nadav\Desktop\SFML\Build-A-Font\Build-A-Font\UserBoard.cpp(22,15): warning C4101: 'rotInfo': unreferenced local variable
  Generating Code...
     Creating library C:\Users\nadav\Desktop\SFML\Build-A-Font\x64\Debug\Build-A-Font.lib and object C:\Users\nadav\Desktop\SFML\Build-A-Font\x64\Debug\Build-A-Font.exp
  Build-A-Font.vcxproj -> C:\Users\nadav\Desktop\SFML\Build-A-Font\x64\Debug\Build-A-Font.exe
